\BOOKMARK [1][-]{section.1}{\376\377\000I\000n\000t\000r\000o\000d\000u\000\347\000\343\000o}{}% 1
\BOOKMARK [1][-]{section.2}{\376\377\000T\000r\000a\000\347\000o}{}% 2
\BOOKMARK [2][-]{subsection.2.1}{\376\377\000D\000e\000s\000c\000r\000i\000\347\000\343\000o\000\040\000d\000o\000\040\000p\000r\000o\000b\000l\000e\000m\000a}{section.2}% 3
\BOOKMARK [2][-]{subsection.2.2}{\376\377\000S\000o\000l\000u\000\347\000\343\000o\000\040\000t\000e\000\363\000r\000i\000c\000a}{section.2}% 4
\BOOKMARK [3][-]{subsubsection.2.2.1}{\376\377\000C\000o\000m\000p\000u\000t\000a\000n\000d\000o\000\040\000o\000\040\000t\000r\000a\000\347\000o\000\040\000p\000a\000r\000a\000\040\000n\000=\0001}{subsection.2.2}% 5
\BOOKMARK [3][-]{subsubsection.2.2.2}{\376\377\000C\000o\000m\000p\000u\000t\000a\000n\000d\000o\000\040\000o\000\040\000t\000r\000a\000\347\000o\000\040\000p\000a\000r\000a\000\040\000n\000>\0001}{subsection.2.2}% 6
\BOOKMARK [2][-]{subsection.2.3}{\376\377\000S\000o\000l\000u\000\347\000\343\000o\000\040\000c\000o\000m\000p\000u\000t\000a\000c\000i\000o\000n\000a\000l\000\040\000u\000s\000a\000n\000d\000o\000\040\000S\000a\000g\000e\000M\000a\000t\000h}{section.2}% 7
\BOOKMARK [2][-]{subsection.2.4}{\376\377\000T\000r\000a\000\347\000o\000s\000\040\000T\000r\000K\000/\000K\0001\0003\000\040\000e\000\040\000T\000r\000K\000/\000K\0001\0002}{section.2}% 8
\BOOKMARK [3][-]{subsubsection.2.4.1}{\376\377\000D\000e\000f\000i\000n\000i\000\347\000\365\000e\000s\000\040\000d\000o\000\040\000P\000r\000o\000b\000l\000e\000m\000a}{subsection.2.4}% 9
\BOOKMARK [3][-]{subsubsection.2.4.2}{\376\377\000S\000o\000l\000u\000\347\000\343\000o\000\040\000T\000e\000\363\000r\000i\000c\000a\000\040\000e\000m\000\040\000T\000e\000n\000s\000o\000r\000e\000s}{subsection.2.4}% 10
\BOOKMARK [3][-]{subsubsection.2.4.3}{\376\377\000S\000o\000l\000u\000\347\000\343\000o\000\040\000T\000e\000\363\000r\000i\000c\000a\000\040\000e\000m\000\040\000P\000o\000l\000i\000n\000\364\000m\000i\000o\000s}{subsection.2.4}% 11
\BOOKMARK [3][-]{subsubsection.2.4.4}{\376\377\000I\000m\000p\000l\000e\000m\000e\000n\000t\000a\000\347\000\343\000o\000\040\000e\000m\000\040\000S\000a\000g\000e\000M\000a\000t\000h}{subsection.2.4}% 12
\BOOKMARK [1][-]{section.3}{\376\377\000C\000o\000m\000p\000o\000s\000i\000\347\000\343\000o\000\040\000d\000e\000\040\000A\000n\000\351\000i\000s}{}% 13
\BOOKMARK [2][-]{subsection.3.1}{\376\377\000O\000b\000j\000e\000t\000i\000v\000o}{section.3}% 14
\BOOKMARK [2][-]{subsection.3.2}{\376\377\000F\000e\000r\000r\000a\000m\000e\000n\000t\000a\000s\000\040\000M\000a\000t\000e\000m\000\341\000t\000i\000c\000a\000s}{section.3}% 15
\BOOKMARK [3][-]{subsubsection.3.2.1}{\376\377\000D\000e\000f\000i\000n\000i\000\347\000\365\000e\000s}{subsection.3.2}% 16
\BOOKMARK [3][-]{subsubsection.3.2.2}{\376\377\000B\000a\000s\000e\000\040\000d\000e\000\040\000P\000o\000t\000\352\000n\000c\000i\000a\000s}{subsection.3.2}% 17
\BOOKMARK [3][-]{subsubsection.3.2.3}{\376\377\000C\000o\000m\000p\000o\000s\000i\000\347\000\343\000o\000\040\000v\000i\000a\000\040\000p\000r\000o\000d\000u\000t\000o\000\040\000t\000e\000n\000s\000o\000r\000i\000a\000l\000\040\000e\000\040\000P\000o\000w\000e\000r\000f\000u\000l\000\040\000b\000a\000s\000i\000s}{subsection.3.2}% 18
\BOOKMARK [3][-]{subsubsection.3.2.4}{\376\377\000D\000e\000c\000o\000m\000p\000o\000s\000i\000\347\000\343\000o\000\040\000d\000o\000\040\000A\000n\000e\000l}{subsection.3.2}% 19
\BOOKMARK [2][-]{subsection.3.3}{\376\377\000P\000r\000o\000p\000r\000i\000e\000d\000a\000d\000e\000s}{section.3}% 20
\BOOKMARK [3][-]{subsubsection.3.3.1}{\376\377\000P\000r\000o\000p\000r\000i\000e\000d\000a\000d\000e\000s\000\040\000d\000e\000\040\000p\000r\000o\000d\000u\000t\000o\000\040\000m\000i\000s\000t\000o}{subsection.3.3}% 21
\BOOKMARK [3][-]{subsubsection.3.3.2}{\376\377\000H\000o\000m\000o\000m\000o\000r\000f\000i\000s\000m\000o\000s\000\040\000d\000e\000\040\000a\000n\000\351\000i\000s\000\040\000\050\000e\000m\000b\000e\000d\000d\000i\000n\000g\000s\000\051}{subsection.3.3}% 22
\BOOKMARK [3][-]{subsubsection.3.3.3}{\376\377\000C\000\341\000l\000c\000u\000l\000o\000\040\000d\000o\000\040\000t\000r\000a\000\347\000o}{subsection.3.3}% 23
\BOOKMARK [2][-]{subsection.3.4}{\376\377\000I\000m\000p\000l\000e\000m\000e\000n\000t\000a\000\347\000\343\000o\000\040\000e\000\040\000T\000e\000s\000t\000e\000s}{section.3}% 24
\BOOKMARK [1][-]{section.4}{\376\377\000D\000u\000a\000i\000s}{}% 25
\BOOKMARK [2][-]{subsection.4.1}{\376\377\000I\000n\000t\000r\000o\000d\000u\000\347\000\343\000o}{section.4}% 26
\BOOKMARK [2][-]{subsection.4.2}{\376\377\000S\000o\000l\000u\000\347\000\343\000o\000\040\000T\000e\000\363\000r\000i\000c\000a}{section.4}% 27
\BOOKMARK [2][-]{subsection.4.3}{\376\377\000I\000m\000p\000l\000e\000m\000e\000n\000t\000a\000\347\000\343\000o}{section.4}% 28
\BOOKMARK [1][-]{section.5}{\376\377\000R\000L\000W\000E\000\040\000e\000\040\000R\000G\000S\000W}{}% 29
\BOOKMARK [2][-]{subsection.5.1}{\376\377\000L\000W\000E}{section.5}% 30
\BOOKMARK [2][-]{subsection.5.2}{\376\377\000F\000u\000n\000\347\000\365\000e\000s\000\040\000A\000u\000x\000i\000l\000i\000a\000r\000e\000s}{section.5}% 31
\BOOKMARK [2][-]{subsection.5.3}{\376\377\000E\000s\000q\000u\000e\000m\000a\000s}{section.5}% 32
\BOOKMARK [3][-]{subsubsection.5.3.1}{\376\377\000E\000s\000q\000u\000e\000m\000a\000\040\000R\000L\000W\000E}{subsection.5.3}% 33
\BOOKMARK [3][-]{subsubsection.5.3.2}{\376\377\000E\000s\000q\000u\000e\000m\000a\000\040\000R\000G\000S\000W}{subsection.5.3}% 34
\BOOKMARK [2][-]{subsection.5.4}{\376\377\000O\000p\000e\000r\000a\000\347\000\365\000e\000s}{section.5}% 35
\BOOKMARK [1][-]{section.6}{\376\377\000E\000m\000p\000a\000c\000o\000t\000a\000m\000e\000n\000t\000o}{}% 36
\BOOKMARK [2][-]{subsection.6.1}{\376\377\000E\000m\000p\000a\000c\000o\000t\000a\000m\000e\000n\000t\000o\000\040\000d\000e\000\040\000p\000l\000a\000i\000n\000t\000e\000x\000t}{section.6}% 37
\BOOKMARK [2][-]{subsection.6.2}{\376\377\000E\000m\000p\000a\000c\000o\000t\000a\000m\000e\000n\000t\000o\000\040\000d\000e\000\040\000c\000i\000p\000h\000e\000r\000t\000e\000x\000t\000s}{section.6}% 38
\BOOKMARK [1][-]{section.7}{\376\377\000T\000r\000a\000\347\000o\000\040\000h\000o\000m\000o\000m\000\363\000r\000f\000i\000c\000o\000\040\000s\000o\000b\000r\000e\000\040\000R\000L\000W\000E}{}% 39
\BOOKMARK [2][-]{subsection.7.1}{\376\377\000A\000l\000g\000o\000r\000i\000t\000m\000o\000\040\000d\000e\000\040\000K\000e\000y\000\040\000S\000w\000i\000t\000c\000h}{section.7}% 40
\BOOKMARK [3][-]{subsubsection.7.1.1}{\376\377\000D\000e\000s\000c\000r\000i\000\347\000\343\000o\000\040\000m\000a\000t\000e\000m\000\341\000t\000i\000c\000a\000\040\000d\000o\000\040\000A\000l\000g\000o\000r\000i\000t\000m\000o}{subsection.7.1}% 41
\BOOKMARK [3][-]{subsubsection.7.1.2}{\376\377\000P\000s\000e\000u\000d\000o\000c\000\363\000d\000i\000g\000o\000\040\000e\000\040\000i\000m\000p\000l\000e\000m\000e\000n\000t\000a\000\347\000\343\000o\000\040\000d\000o\000\040\000k\000e\000y\000\040\000s\000w\000i\000t\000c\000h}{subsection.7.1}% 42
\BOOKMARK [2][-]{subsection.7.2}{\376\377\000P\000s\000e\000u\000d\000o\000c\000\363\000d\000i\000g\000o\000\040\000d\000o\000\040\000a\000l\000g\000o\000r\000i\000t\000m\000o}{section.7}% 43
\BOOKMARK [1][-]{section.8}{\376\377\000A\000n\000\341\000l\000i\000s\000e\000\040\000d\000e\000\040\000R\000u\000\355\000d\000o\000\040\000d\000a\000s\000\040\000o\000p\000e\000r\000a\000\347\000\365\000e\000s}{}% 44
\BOOKMARK [2][-]{subsection.8.1}{\376\377\000O\000p\000e\000r\000a\000\347\000\365\000e\000s\000\040\000R\000G\000S\000W}{section.8}% 45
\BOOKMARK [3][-]{subsubsection.8.1.1}{\376\377\000S\000o\000m\000a\000\040\000H\000o\000m\000o\000m\000\363\000r\000f\000i\000c\000a\000\040\000C\0001\000\040\000C\0002}{subsection.8.1}% 46
\BOOKMARK [3][-]{subsubsection.8.1.2}{\376\377\000M\000u\000l\000t\000i\000p\000l\000i\000c\000a\000\347\000\343\000o\000\040\000H\000o\000m\000o\000m\000\363\000r\000f\000i\000c\000a\000\040\000C\0001\000\040\000C\0002}{subsection.8.1}% 47
\BOOKMARK [2][-]{subsection.8.2}{\376\377\000E\000x\000t\000-\000P\000r\000o\000d}{section.8}% 48
\BOOKMARK [2][-]{subsection.8.3}{\376\377\000S\000u\000b\000g\000a\000u\000s\000s\000i\000a\000n\000a}{section.8}% 49
\BOOKMARK [2][-]{subsection.8.4}{\376\377\000K\000e\000y\000\040\000S\000w\000i\000t\000c\000h}{section.8}% 50
\BOOKMARK [2][-]{subsection.8.5}{\376\377\000E\000v\000a\000l\000-\000T\000r\000a\000c\000e}{section.8}% 51
\BOOKMARK [2][-]{subsection.8.6}{\376\377\000E\000x\000t\000-\000P\000r\000o\000d\000\040\000+\000\040\000T\000r\000a\000c\000e}{section.8}% 52
\BOOKMARK [3][-]{subsubsection.8.6.1}{\376\377\000A\000p\000l\000i\000c\000a\000\347\000\343\000o\000\040\000\372\000n\000i\000c\000a}{subsection.8.6}% 53
\BOOKMARK [3][-]{subsubsection.8.6.2}{\376\377\000k\000\040\000A\000p\000l\000i\000c\000a\000\347\000\365\000e\000s}{subsection.8.6}% 54
\BOOKMARK [1][-]{section.9}{\376\377\000C\000o\000m\000p\000l\000e\000x\000i\000d\000a\000d\000e\000s\000\040\000e\000\040\000D\000e\000f\000i\000n\000i\000\347\000\365\000e\000s\000\040\000d\000e\000\040\000p\000a\000r\000\342\000m\000e\000t\000r\000o}{}% 55
\BOOKMARK [2][-]{subsection.9.1}{\376\377\000C\000o\000m\000p\000l\000e\000x\000i\000d\000a\000d\000e\000\040\000d\000e\000\040\000M\000e\000m\000\363\000r\000i\000a}{section.9}% 56
\BOOKMARK [2][-]{subsection.9.2}{\376\377\000C\000o\000m\000p\000l\000e\000x\000i\000d\000a\000d\000e\000\040\000d\000e\000\040\000T\000e\000m\000p\000o}{section.9}% 57
